================================================================================
[2026-06-03-02:22:14]Start client AMI
================================================================================
login error :goami2: AMI proto: failed to read login response: read tcp 192.168.144.1:56884->192.168.144.128:5038: i/o timeout
================================================================================
[2026-06-03-02:24:05]Start client AMI
================================================================================
login error :goami2: AMI proto: failed to read login response: read tcp 192.168.144.1:56887->192.168.144.128:5038: i/o timeout
================================================================================
[2026-06-03-02:24:58]Start client AMI
================================================================================
login error :goami2: AMI proto: failed to read login response: read tcp 192.168.144.1:56890->192.168.144.128:5038: i/o timeout
================================================================================
[2026-06-03-02:34:25]Start client AMI
================================================================================
login error :goami2: AMI proto: failed to read login response: read tcp 192.168.144.1:56927->192.168.144.128:5038: i/o timeout
================================================================================
[2026-06-03-02:37:46]Start client AMI
================================================================================
Successfully connected to Asterisk AMI

[2026-06-03 02:37:46.227] New message:
 {"event":"FullyBooted","lastreload":"23","privilege":"system,all","status":"Fully Booted","uptime":"84942"}

[2026-06-03 02:43:06.268] New message:
 {"accountcode":"","calleridname":"\u003cunknown\u003e","calleridnum":"6002","channel":"PJSIP/6002-00000001","channelstate":"4","channelstatedesc":"Ring","connectedlinename":"\u003cunknown\u003e","connectedlinenum":"\u003cunknown\u003e","context":"default","event":"Newchannel","exten":"111","language":"en","linkedid":"1780404187.1","priority":"1","privilege":"call,all","timestamp":"1780404187.221306","uniqueid":"1780404187.1"}

[2026-06-03 02:43:06.272] New message:
 {"accountcode":"","calleridname":"\u003cunknown\u003e","calleridnum":"6002","channel":"PJSIP/6002-00000001","channelstate":"4","channelstatedesc":"Ring","connectedlinename":"\u003cunknown\u003e","connectedlinenum":"\u003cunknown\u003e","context":"default","event":"VarSet","exten":"111","language":"en","linkedid":"1780404187.1","priority":"1","privilege":"dialplan,all","timestamp":"1780404187.225642","uniqueid":"1780404187.1","value":"192.168.144.128","variable":"SIPDOMAIN"}

[2026-06-03 02:43:06.290] New message:
 {"accountcode":"","appdata":"","application":"Answer","calleridname":"\u003cunknown\u003e","calleridnum":"6002","channel":"PJSIP/6002-00000001","channelstate":"4","channelstatedesc":"Ring","connectedlinename":"\u003cunknown\u003e","connectedlinenum":"\u003cunknown\u003e","context":"default","event":"Newexten","exten":"111","extension":"111","language":"en","linkedid":"1780404187.1","priority":"1","privilege":"dialplan,all","timestamp":"1780404187.243440","uniqueid":"1780404187.1"}

[2026-06-03 02:43:06.291] New message:
 {"accountcode":"","calleridname":"\u003cunknown\u003e","calleridnum":"6002","channel":"PJSIP/6002-00000001","channelstate":"6","channelstatedesc":"Up","connectedlinename":"\u003cunknown\u003e","connectedlinenum":"\u003cunknown\u003e","context":"default","event":"Newstate","exten":"111","language":"en","linkedid":"1780404187.1","priority":"1","privilege":"call,all","timestamp":"1780404187.245071","uniqueid":"1780404187.1"}

[2026-06-03 02:43:06.297] New message:
 {"device":"PJSIP/6002","event":"DeviceStateChange","privilege":"call,all","state":"INUSE","timestamp":"1780404187.250606"}

[2026-06-03 02:43:06.810] New message:
 {"accountcode":"","appdata":"hello-world","application":"Playback","calleridname":"\u003cunknown\u003e","calleridnum":"6002","channel":"PJSIP/6002-00000001","channelstate":"6","channelstatedesc":"Up","connectedlinename":"\u003cunknown\u003e","connectedlinenum":"\u003cunknown\u003e","context":"default","event":"Newexten","exten":"111","extension":"111","language":"en","linkedid":"1780404187.1","priority":"2","privilege":"dialplan,all","timestamp":"1780404187.762924","uniqueid":"1780404187.1"}

[2026-06-03 02:43:08.224] New message:
 {"accountcode":"","calleridname":"\u003cunknown\u003e","calleridnum":"6002","channel":"PJSIP/6002-00000001","channelstate":"6","channelstatedesc":"Up","connectedlinename":"\u003cunknown\u003e","connectedlinenum":"\u003cunknown\u003e","context":"default","event":"VarSet","exten":"111","language":"en","linkedid":"1780404187.1","priority":"2","privilege":"dialplan,all","timestamp":"1780404189.176864","uniqueid":"1780404187.1","value":"SUCCESS","variable":"PLAYBACKSTATUS"}

[2026-06-03 02:43:08.224] New message:
 {"accountcode":"","appdata":"","application":"Hangup","calleridname":"\u003cunknown\u003e","calleridnum":"6002","channel":"PJSIP/6002-00000001","channelstate":"6","channelstatedesc":"Up","connectedlinename":"\u003cunknown\u003e","connectedlinenum":"\u003cunknown\u003e","context":"default","event":"Newexten","exten":"111","extension":"111","language":"en","linkedid":"1780404187.1","priority":"3","privilege":"dialplan,all","timestamp":"1780404189.176921","uniqueid":"1780404187.1"}

[2026-06-03 02:43:08.224] New message:
 {"accountcode":"","calleridname":"\u003cunknown\u003e","calleridnum":"6002","channel":"PJSIP/6002-00000001","channelstate":"6","channelstatedesc":"Up","connectedlinename":"\u003cunknown\u003e","connectedlinenum":"\u003cunknown\u003e","context":"default","event":"VarSet","exten":"111","language":"en","linkedid":"1780404187.1","priority":"3","privilege":"dialplan,all","timestamp":"1780404189.177607","uniqueid":"1780404187.1","value":"ssrc=370107337;themssrc=1409891823;lp=0;rxjitter=0.000000;rxcount=37;txjitter=0.023375;txcount=71;rlp=0;rtt=0.000000;rxmes=0.000000;txmes=0.000000","variable":"RTPAUDIOQOS"}

[2026-06-03 02:43:08.224] New message:
 {"accountcode":"","calleridname":"\u003cunknown\u003e","calleridnum":"6002","channel":"PJSIP/6002-00000001","channelstate":"6","channelstatedesc":"Up","connectedlinename":"\u003cunknown\u003e","connectedlinenum":"\u003cunknown\u003e","context":"default","event":"VarSet","exten":"111","language":"en","linkedid":"1780404187.1","priority":"3","privilege":"dialplan,all","timestamp":"1780404189.177718","uniqueid":"1780404187.1","value":"minrxjitter=000.004125;maxrxjitter=000.023625;avgrxjitter=000.015312;stdevrxjitter=000.006859;mintxjitter=000.000000;maxtxjitter=000.000000;avgtxjitter=000.000000;stdevtxjitter=000.000000;","variable":"RTPAUDIOQOSJITTER"}

[2026-06-03 02:43:08.225] New message:
 {"accountcode":"","calleridname":"\u003cunknown\u003e","calleridnum":"6002","channel":"PJSIP/6002-00000001","channelstate":"6","channelstatedesc":"Up","connectedlinename":"\u003cunknown\u003e","connectedlinenum":"\u003cunknown\u003e","context":"default","event":"VarSet","exten":"111","language":"en","linkedid":"1780404187.1","priority":"3","privilege":"dialplan,all","timestamp":"1780404189.177784","uniqueid":"1780404187.1","value":"minrxlost=000.000000;  maxrxlost=000.000000;  avgrxlost=000.000000;  stdevrxlost=000.000000;  mintxlost=000.000000;  maxtxlost=000.000000;  avgtxlost=000.000000;  stdevtxlost=000.000000;","variable":"RTPAUDIOQOSLOSS"}

[2026-06-03 02:43:08.225] New message:
 {"accountcode":"","calleridname":"\u003cunknown\u003e","calleridnum":"6002","channel":"PJSIP/6002-00000001","channelstate":"6","channelstatedesc":"Up","connectedlinename":"\u003cunknown\u003e","connectedlinenum":"\u003cunknown\u003e","context":"default","event":"VarSet","exten":"111","language":"en","linkedid":"1780404187.1","priority":"3","privilege":"dialplan,all","timestamp":"1780404189.177841","uniqueid":"1780404187.1","value":"minrtt=000.000000;     maxrtt=000.000000;     avgrtt=000.000000;     stdevrtt=000.000000;","variable":"RTPAUDIOQOSRTT"}

[2026-06-03 02:43:08.225] New message:
 {"accountcode":"","calleridname":"\u003cunknown\u003e","calleridnum":"6002","channel":"PJSIP/6002-00000001","channelstate":"6","channelstatedesc":"Up","connectedlinename":"\u003cunknown\u003e","connectedlinenum":"\u003cunknown\u003e","context":"default","event":"VarSet","exten":"111","language":"en","linkedid":"1780404187.1","priority":"3","privilege":"dialplan,all","timestamp":"1780404189.178005","uniqueid":"1780404187.1","value":"minrxmes=000.000000;   maxrxmes=000.000000;   avgrxmes=000.000000;   stdevrxmes=000.006859;   mintxmes=000.000000;   maxtxmes=000.000000;   avgtxmes=000.000000;   stdevtxmes=000.000000;","variable":"RTPAUDIOQOSMES"}

[2026-06-03 02:43:08.226] New message:
 {"accountcode":"","calleridname":"\u003cunknown\u003e","calleridnum":"6002","cause":"16","channel":"PJSIP/6002-00000001","channelstate":"6","channelstatedesc":"Up","connectedlinename":"\u003cunknown\u003e","connectedlinenum":"\u003cunknown\u003e","context":"default","event":"SoftHangupRequest","exten":"111","language":"en","linkedid":"1780404187.1","priority":"3","privilege":"call,all","timestamp":"1780404189.178255","uniqueid":"1780404187.1"}

[2026-06-03 02:43:08.264] New message:
 {"accountcode":"","calleridname":"\u003cunknown\u003e","calleridnum":"6002","cause":"16","cause-txt":"Normal Clearing","channel":"PJSIP/6002-00000001","channelstate":"6","channelstatedesc":"Up","connectedlinename":"\u003cunknown\u003e","connectedlinenum":"\u003cunknown\u003e","context":"default","event":"Hangup","exten":"111","language":"en","linkedid":"1780404187.1","priority":"3","privilege":"call,all","timestamp":"1780404189.217019","uniqueid":"1780404187.1"}

[2026-06-03 02:43:08.269] New message:
 {"device":"PJSIP/6002","event":"DeviceStateChange","privilege":"call,all","state":"NOT_INUSE","timestamp":"1780404189.221899"}

[2026-06-03 02:43:08.273] New message:
 {"accountcode":"","amaflags":"DOCUMENTATION","answertime":"2026-06-02 14:43:07","billableseconds":"1","callerid":"\"\" \u003c6002\u003e","channel":"PJSIP/6002-00000001","destination":"111","destinationchannel":"","destinationcontext":"default","disposition":"ANSWERED","duration":"1","endtime":"2026-06-02 14:43:09","event":"Cdr","lastapplication":"Hangup","lastdata":"","privilege":"cdr,all","source":"6002","starttime":"2026-06-02 14:43:07","timestamp":"1780404189.224414","uniqueid":"1780404187.1","userfield":""}

[2026-06-03 02:43:55.718] New message:
 {"device":"PJSIP/6001","event":"DeviceStateChange","privilege":"call,all","state":"NOT_INUSE","timestamp":"1780404236.671615"}

[2026-06-03 02:43:55.719] New message:
 {"channeltype":"PJSIP","event":"PeerStatus","peer":"PJSIP/6001","peerstatus":"Reachable","privilege":"system,all","timestamp":"1780404236.672324"}

[2026-06-03 02:43:55.744] New message:
 {"aor":"6001","contactstatus":"NonQualified","endpointname":"6001","event":"ContactStatus","privilege":"system,all","roundtripusec":"0","timestamp":"1780404236.697283","uri":"sip:6001@192.168.144.1:55413;transport=UDP;rinstance=3c58ea9ae80a3803"}

[2026-06-03 02:44:03.039] New message:
 {"accountcode":"","calleridname":"\u003cunknown\u003e","calleridnum":"6001","channel":"PJSIP/6001-00000002","channelstate":"4","channelstatedesc":"Ring","connectedlinename":"\u003cunknown\u003e","connectedlinenum":"\u003cunknown\u003e","context":"default","event":"Newchannel","exten":"111","language":"en","linkedid":"1780404243.2","priority":"1","privilege":"call,all","timestamp":"1780404243.989176","uniqueid":"1780404243.2"}

[2026-06-03 02:44:03.040] New message:
 {"accountcode":"","calleridname":"\u003cunknown\u003e","calleridnum":"6001","channel":"PJSIP/6001-00000002","channelstate":"4","channelstatedesc":"Ring","connectedlinename":"\u003cunknown\u003e","connectedlinenum":"\u003cunknown\u003e","context":"default","event":"VarSet","exten":"111","language":"en","linkedid":"1780404243.2","priority":"1","privilege":"dialplan,all","timestamp":"1780404243.990107","uniqueid":"1780404243.2","value":"192.168.144.128","variable":"SIPDOMAIN"}

[2026-06-03 02:44:03.040] New message:
 {"accountcode":"","appdata":"","application":"Answer","calleridname":"\u003cunknown\u003e","calleridnum":"6001","channel":"PJSIP/6001-00000002","channelstate":"4","channelstatedesc":"Ring","connectedlinename":"\u003cunknown\u003e","connectedlinenum":"\u003cunknown\u003e","context":"default","event":"Newexten","exten":"111","extension":"111","language":"en","linkedid":"1780404243.2","priority":"1","privilege":"dialplan,all","timestamp":"1780404243.990856","uniqueid":"1780404243.2"}

[2026-06-03 02:44:03.040] New message:
 {"accountcode":"","calleridname":"\u003cunknown\u003e","calleridnum":"6001","channel":"PJSIP/6001-00000002","channelstate":"6","channelstatedesc":"Up","connectedlinename":"\u003cunknown\u003e","connectedlinenum":"\u003cunknown\u003e","context":"default","event":"Newstate","exten":"111","language":"en","linkedid":"1780404243.2","priority":"1","privilege":"call,all","timestamp":"1780404243.991107","uniqueid":"1780404243.2"}

[2026-06-03 02:44:03.040] New message:
 {"device":"PJSIP/6001","event":"DeviceStateChange","privilege":"call,all","state":"INUSE","timestamp":"1780404243.991589"}

[2026-06-03 02:44:03.181] New message:
 {"accountcode":"","appdata":"hello-world","application":"Playback","calleridname":"\u003cunknown\u003e","calleridnum":"6001","channel":"PJSIP/6001-00000002","channelstate":"6","channelstatedesc":"Up","connectedlinename":"\u003cunknown\u003e","connectedlinenum":"\u003cunknown\u003e","context":"default","event":"Newexten","exten":"111","extension":"111","language":"en","linkedid":"1780404243.2","priority":"2","privilege":"dialplan,all","timestamp":"1780404244.134108","uniqueid":"1780404243.2"}

[2026-06-03 02:44:04.589] New message:
 {"accountcode":"","calleridname":"\u003cunknown\u003e","calleridnum":"6001","channel":"PJSIP/6001-00000002","channelstate":"6","channelstatedesc":"Up","connectedlinename":"\u003cunknown\u003e","connectedlinenum":"\u003cunknown\u003e","context":"default","event":"VarSet","exten":"111","language":"en","linkedid":"1780404243.2","priority":"2","privilege":"dialplan,all","timestamp":"1780404245.541082","uniqueid":"1780404243.2","value":"SUCCESS","variable":"PLAYBACKSTATUS"}

[2026-06-03 02:44:04.590] New message:
 {"accountcode":"","appdata":"","application":"Hangup","calleridname":"\u003cunknown\u003e","calleridnum":"6001","channel":"PJSIP/6001-00000002","channelstate":"6","channelstatedesc":"Up","connectedlinename":"\u003cunknown\u003e","connectedlinenum":"\u003cunknown\u003e","context":"default","event":"Newexten","exten":"111","extension":"111","language":"en","linkedid":"1780404243.2","priority":"3","privilege":"dialplan,all","timestamp":"1780404245.541122","uniqueid":"1780404243.2"}

[2026-06-03 02:44:04.590] New message:
 {"accountcode":"","calleridname":"\u003cunknown\u003e","calleridnum":"6001","channel":"PJSIP/6001-00000002","channelstate":"6","channelstatedesc":"Up","connectedlinename":"\u003cunknown\u003e","connectedlinenum":"\u003cunknown\u003e","context":"default","event":"VarSet","exten":"111","language":"en","linkedid":"1780404243.2","priority":"3","privilege":"dialplan,all","timestamp":"1780404245.541272","uniqueid":"1780404243.2","value":"ssrc=2068165184;themssrc=1029728376;lp=0;rxjitter=0.000000;rxcount=71;txjitter=0.000375;txcount=71;rlp=0;rtt=0.000000;rxmes=0.000000;txmes=0.000000","variable":"RTPAUDIOQOS"}

[2026-06-03 02:44:04.590] New message:
 {"accountcode":"","calleridname":"\u003cunknown\u003e","calleridnum":"6001","channel":"PJSIP/6001-00000002","channelstate":"6","channelstatedesc":"Up","connectedlinename":"\u003cunknown\u003e","connectedlinenum":"\u003cunknown\u003e","context":"default","event":"VarSet","exten":"111","language":"en","linkedid":"1780404243.2","priority":"3","privilege":"dialplan,all","timestamp":"1780404245.541295","uniqueid":"1780404243.2","value":"minrxjitter=000.000000;maxrxjitter=000.000500;avgrxjitter=000.000310;stdevrxjitter=000.000142;mintxjitter=000.000000;maxtxjitter=000.000000;avgtxjitter=000.000000;stdevtxjitter=000.000000;","variable":"RTPAUDIOQOSJITTER"}

[2026-06-03 02:44:04.590] New message:
 {"accountcode":"","calleridname":"\u003cunknown\u003e","calleridnum":"6001","channel":"PJSIP/6001-00000002","channelstate":"6","channelstatedesc":"Up","connectedlinename":"\u003cunknown\u003e","connectedlinenum":"\u003cunknown\u003e","context":"default","event":"VarSet","exten":"111","language":"en","linkedid":"1780404243.2","priority":"3","privilege":"dialplan,all","timestamp":"1780404245.541315","uniqueid":"1780404243.2","value":"minrxlost=000.000000;  maxrxlost=000.000000;  avgrxlost=000.000000;  stdevrxlost=000.000000;  mintxlost=000.000000;  maxtxlost=000.000000;  avgtxlost=000.000000;  stdevtxlost=000.000000;","variable":"RTPAUDIOQOSLOSS"}

[2026-06-03 02:44:04.590] New message:
 {"accountcode":"","calleridname":"\u003cunknown\u003e","calleridnum":"6001","channel":"PJSIP/6001-00000002","channelstate":"6","channelstatedesc":"Up","connectedlinename":"\u003cunknown\u003e","connectedlinenum":"\u003cunknown\u003e","context":"default","event":"VarSet","exten":"111","language":"en","linkedid":"1780404243.2","priority":"3","privilege":"dialplan,all","timestamp":"1780404245.541336","uniqueid":"1780404243.2","value":"minrtt=000.000000;     maxrtt=000.000000;     avgrtt=000.000000;     stdevrtt=000.000000;","variable":"RTPAUDIOQOSRTT"}

[2026-06-03 02:44:04.590] New message:
 {"accountcode":"","calleridname":"\u003cunknown\u003e","calleridnum":"6001","channel":"PJSIP/6001-00000002","channelstate":"6","channelstatedesc":"Up","connectedlinename":"\u003cunknown\u003e","connectedlinenum":"\u003cunknown\u003e","context":"default","event":"VarSet","exten":"111","language":"en","linkedid":"1780404243.2","priority":"3","privilege":"dialplan,all","timestamp":"1780404245.541355","uniqueid":"1780404243.2","value":"minrxmes=000.000000;   maxrxmes=000.000000;   avgrxmes=000.000000;   stdevrxmes=000.000142;   mintxmes=000.000000;   maxtxmes=000.000000;   avgtxmes=000.000000;   stdevtxmes=000.000000;","variable":"RTPAUDIOQOSMES"}

[2026-06-03 02:44:04.590] New message:
 {"accountcode":"","calleridname":"\u003cunknown\u003e","calleridnum":"6001","cause":"16","channel":"PJSIP/6001-00000002","channelstate":"6","channelstatedesc":"Up","connectedlinename":"\u003cunknown\u003e","connectedlinenum":"\u003cunknown\u003e","context":"default","event":"SoftHangupRequest","exten":"111","language":"en","linkedid":"1780404243.2","priority":"3","privilege":"call,all","timestamp":"1780404245.541374","uniqueid":"1780404243.2"}

[2026-06-03 02:44:04.604] New message:
 {"accountcode":"","amaflags":"DOCUMENTATION","answertime":"2026-06-02 14:44:03","billableseconds":"1","callerid":"\"\" \u003c6001\u003e","channel":"PJSIP/6001-00000002","destination":"111","destinationchannel":"","destinationcontext":"default","disposition":"ANSWERED","duration":"1","endtime":"2026-06-02 14:44:05","event":"Cdr","lastapplication":"Hangup","lastdata":"","privilege":"cdr,all","source":"6001","starttime":"2026-06-02 14:44:03","timestamp":"1780404245.555860","uniqueid":"1780404243.2","userfield":""}

[2026-06-03 02:44:04.605] New message:
 {"accountcode":"","calleridname":"\u003cunknown\u003e","calleridnum":"6001","cause":"16","cause-txt":"Normal Clearing","channel":"PJSIP/6001-00000002","channelstate":"6","channelstatedesc":"Up","connectedlinename":"\u003cunknown\u003e","connectedlinenum":"\u003cunknown\u003e","context":"default","event":"Hangup","exten":"111","language":"en","linkedid":"1780404243.2","priority":"3","privilege":"call,all","timestamp":"1780404245.556600","uniqueid":"1780404243.2"}

[2026-06-03 02:44:04.605] New message:
 {"device":"PJSIP/6001","event":"DeviceStateChange","privilege":"call,all","state":"NOT_INUSE","timestamp":"1780404245.558091"}

[2026-06-03 02:45:16.217] New message:
 {"accountcode":"","calleridname":"\u003cunknown\u003e","calleridnum":"6001","channel":"PJSIP/6001-00000003","channelstate":"4","channelstatedesc":"Ring","connectedlinename":"\u003cunknown\u003e","connectedlinenum":"\u003cunknown\u003e","context":"default","event":"Newchannel","exten":"6002","language":"en","linkedid":"1780404317.3","priority":"1","privilege":"call,all","timestamp":"1780404317.169561","uniqueid":"1780404317.3"}

[2026-06-03 02:45:16.217] New message:
 {"accountcode":"","calleridname":"\u003cunknown\u003e","calleridnum":"6001","channel":"PJSIP/6001-00000003","channelstate":"4","channelstatedesc":"Ring","connectedlinename":"\u003cunknown\u003e","connectedlinenum":"\u003cunknown\u003e","context":"default","event":"VarSet","exten":"6002","language":"en","linkedid":"1780404317.3","priority":"1","privilege":"dialplan,all","timestamp":"1780404317.169849","uniqueid":"1780404317.3","value":"192.168.144.128","variable":"SIPDOMAIN"}

[2026-06-03 02:45:16.223] New message:
 {"accountcode":"","appdata":"PJSIP/6002,20","application":"Dial","calleridname":"\u003cunknown\u003e","calleridnum":"6001","channel":"PJSIP/6001-00000003","channelstate":"4","channelstatedesc":"Ring","connectedlinename":"\u003cunknown\u003e","connectedlinenum":"\u003cunknown\u003e","context":"default","event":"Newexten","exten":"6002","extension":"6002","language":"en","linkedid":"1780404317.3","priority":"1","privilege":"dialplan,all","timestamp":"1780404317.177006","uniqueid":"1780404317.3"}

[2026-06-03 02:45:16.227] New message:
 {"accountcode":"","calleridname":"\u003cunknown\u003e","calleridnum":"6001","channel":"PJSIP/6001-00000003","channelstate":"4","channelstatedesc":"Ring","connectedlinename":"\u003cunknown\u003e","connectedlinenum":"\u003cunknown\u003e","context":"default","event":"VarSet","exten":"6002","language":"en","linkedid":"1780404317.3","priority":"1","privilege":"dialplan,all","timestamp":"1780404317.179858","uniqueid":"1780404317.3","value":"","variable":"DIALSTATUS"}

[2026-06-03 02:45:16.227] New message:
 {"accountcode":"","calleridname":"\u003cunknown\u003e","calleridnum":"6001","channel":"PJSIP/6001-00000003","channelstate":"4","channelstatedesc":"Ring","connectedlinename":"\u003cunknown\u003e","connectedlinenum":"\u003cunknown\u003e","context":"default","event":"VarSet","exten":"6002","language":"en","linkedid":"1780404317.3","priority":"1","privilege":"dialplan,all","timestamp":"1780404317.179986","uniqueid":"1780404317.3","value":"","variable":"DIALEDPEERNUMBER"}

[2026-06-03 02:45:16.227] New message:
 {"accountcode":"","calleridname":"\u003cunknown\u003e","calleridnum":"6001","channel":"PJSIP/6001-00000003","channelstate":"4","channelstatedesc":"Ring","connectedlinename":"\u003cunknown\u003e","connectedlinenum":"\u003cunknown\u003e","context":"default","event":"VarSet","exten":"6002","language":"en","linkedid":"1780404317.3","priority":"1","privilege":"dialplan,all","timestamp":"1780404317.180000","uniqueid":"1780404317.3","value":"","variable":"DIALEDPEERNAME"}

[2026-06-03 02:45:16.227] New message:
 {"accountcode":"","calleridname":"\u003cunknown\u003e","calleridnum":"6001","channel":"PJSIP/6001-00000003","channelstate":"4","channelstatedesc":"Ring","connectedlinename":"\u003cunknown\u003e","connectedlinenum":"\u003cunknown\u003e","context":"default","event":"VarSet","exten":"6002","language":"en","linkedid":"1780404317.3","priority":"1","privilege":"dialplan,all","timestamp":"1780404317.180042","uniqueid":"1780404317.3","value":"","variable":"ANSWEREDTIME"}

[2026-06-03 02:45:16.227] New message:
 {"accountcode":"","calleridname":"\u003cunknown\u003e","calleridnum":"6001","channel":"PJSIP/6001-00000003","channelstate":"4","channelstatedesc":"Ring","connectedlinename":"\u003cunknown\u003e","connectedlinenum":"\u003cunknown\u003e","context":"default","event":"VarSet","exten":"6002","language":"en","linkedid":"1780404317.3","priority":"1","privilege":"dialplan,all","timestamp":"1780404317.180392","uniqueid":"1780404317.3","value":"","variable":"ANSWEREDTIME_MS"}

[2026-06-03 02:45:16.227] New message:
 {"accountcode":"","calleridname":"\u003cunknown\u003e","calleridnum":"6001","channel":"PJSIP/6001-00000003","channelstate":"4","channelstatedesc":"Ring","connectedlinename":"\u003cunknown\u003e","connectedlinenum":"\u003cunknown\u003e","context":"default","event":"VarSet","exten":"6002","language":"en","linkedid":"1780404317.3","priority":"1","privilege":"dialplan,all","timestamp":"1780404317.180435","uniqueid":"1780404317.3","value":"","variable":"DIALEDTIME"}

[2026-06-03 02:45:16.228] New message:
 {"accountcode":"","calleridname":"\u003cunknown\u003e","calleridnum":"6001","channel":"PJSIP/6001-00000003","channelstate":"4","channelstatedesc":"Ring","connectedlinename":"\u003cunknown\u003e","connectedlinenum":"\u003cunknown\u003e","context":"default","event":"VarSet","exten":"6002","language":"en","linkedid":"1780404317.3","priority":"1","privilege":"dialplan,all","timestamp":"1780404317.180476","uniqueid":"1780404317.3","value":"","variable":"DIALEDTIME_MS"}

[2026-06-03 02:45:16.229] New message:
 {"accountcode":"","calleridname":"\u003cunknown\u003e","calleridnum":"6001","channel":"PJSIP/6001-00000003","channelstate":"4","channelstatedesc":"Ring","connectedlinename":"\u003cunknown\u003e","connectedlinenum":"\u003cunknown\u003e","context":"default","event":"VarSet","exten":"6002","language":"en","linkedid":"1780404317.3","priority":"1","privilege":"dialplan,all","timestamp":"1780404317.180602","uniqueid":"1780404317.3","value":"","variable":"RINGTIME"}

[2026-06-03 02:45:16.229] New message:
 {"accountcode":"","calleridname":"\u003cunknown\u003e","calleridnum":"6001","channel":"PJSIP/6001-00000003","channelstate":"4","channelstatedesc":"Ring","connectedlinename":"\u003cunknown\u003e","connectedlinenum":"\u003cunknown\u003e","context":"default","event":"VarSet","exten":"6002","language":"en","linkedid":"1780404317.3","priority":"1","privilege":"dialplan,all","timestamp":"1780404317.180619","uniqueid":"1780404317.3","value":"","variable":"RINGTIME_MS"}

[2026-06-03 02:45:16.229] New message:
 {"accountcode":"","calleridname":"\u003cunknown\u003e","calleridnum":"6001","channel":"PJSIP/6001-00000003","channelstate":"4","channelstatedesc":"Ring","connectedlinename":"\u003cunknown\u003e","connectedlinenum":"\u003cunknown\u003e","context":"default","event":"VarSet","exten":"6002","language":"en","linkedid":"1780404317.3","priority":"1","privilege":"dialplan,all","timestamp":"1780404317.180632","uniqueid":"1780404317.3","value":"","variable":"PROGRESSTIME"}

[2026-06-03 02:45:16.229] New message:
 {"accountcode":"","calleridname":"\u003cunknown\u003e","calleridnum":"6001","channel":"PJSIP/6001-00000003","channelstate":"4","channelstatedesc":"Ring","connectedlinename":"\u003cunknown\u003e","connectedlinenum":"\u003cunknown\u003e","context":"default","event":"VarSet","exten":"6002","language":"en","linkedid":"1780404317.3","priority":"1","privilege":"dialplan,all","timestamp":"1780404317.180644","uniqueid":"1780404317.3","value":"","variable":"PROGRESSTIME_MS"}

[2026-06-03 02:45:16.241] New message:
 {"accountcode":"","calleridname":"\u003cunknown\u003e","calleridnum":"\u003cunknown\u003e","channel":"PJSIP/6002-00000004","channelstate":"0","channelstatedesc":"Down","connectedlinename":"\u003cunknown\u003e","connectedlinenum":"\u003cunknown\u003e","context":"default","event":"Newchannel","exten":"s","language":"en","linkedid":"1780404317.3","priority":"1","privilege":"call,all","timestamp":"1780404317.193927","uniqueid":"1780404317.4"}

[2026-06-03 02:45:16.241] New message:
 {"accountcode":"","calleridname":"\u003cunknown\u003e","calleridnum":"\u003cunknown\u003e","channel":"PJSIP/6002-00000004","channelstate":"0","channelstatedesc":"Down","connectedlinename":"\u003cunknown\u003e","connectedlinenum":"\u003cunknown\u003e","context":"default","event":"VarSet","exten":"s","language":"en","linkedid":"1780404317.3","priority":"1","privilege":"dialplan,all","timestamp":"1780404317.193971","uniqueid":"1780404317.4","value":"6002","variable":"DIALEDPEERNUMBER"}

[2026-06-03 02:45:16.242] New message:
 {"accountcode":"","appdata":"(Outgoing Line)","application":"AppDial","calleridname":"\u003cunknown\u003e","calleridnum":"6002","channel":"PJSIP/6002-00000004","channelstate":"0","channelstatedesc":"Down","connectedlinename":"\u003cunknown\u003e","connectedlinenum":"6001","context":"default","event":"Newexten","exten":"6002","extension":"6002","language":"en","linkedid":"1780404317.3","priority":"1","privilege":"dialplan,all","timestamp":"1780404317.194752","uniqueid":"1780404317.4"}

[2026-06-03 02:45:16.242] New message:
 {"accountcode":"","calleridname":"\u003cunknown\u003e","calleridnum":"6002","channel":"PJSIP/6002-00000004","channelstate":"0","channelstatedesc":"Down","cid-callingpres":"0 (Presentation Allowed, Not Screened)","connectedlinename":"\u003cunknown\u003e","connectedlinenum":"6001","context":"default","event":"NewCallerid","exten":"6002","language":"en","linkedid":"1780404317.3","priority":"1","privilege":"call,all","timestamp":"1780404317.194850","uniqueid":"1780404317.4"}

[2026-06-03 02:45:16.242] New message:
 {"accountcode":"","calleridname":"\u003cunknown\u003e","calleridnum":"6002","channel":"PJSIP/6002-00000004","channelstate":"0","channelstatedesc":"Down","connectedlinename":"\u003cunknown\u003e","connectedlinenum":"6001","context":"default","event":"NewConnectedLine","exten":"6002","language":"en","linkedid":"1780404317.3","priority":"1","privilege":"call,all","timestamp":"1780404317.194864","uniqueid":"1780404317.4"}

[2026-06-03 02:45:16.248] New message:
 {"accountcode":"","calleridname":"\u003cunknown\u003e","calleridnum":"6001","channel":"PJSIP/6001-00000003","channelstate":"4","channelstatedesc":"Ring","connectedlinename":"\u003cunknown\u003e","connectedlinenum":"\u003cunknown\u003e","context":"default","destaccountcode":"","destcalleridname":"\u003cunknown\u003e","destcalleridnum":"6002","destchannel":"PJSIP/6002-00000004","destchannelstate":"0","destchannelstatedesc":"Down","destconnectedlinename":"\u003cunknown\u003e","destconnectedlinenum":"6001","destcontext":"default","destexten":"6002","destlanguage":"en","destlinkedid":"1780404317.3","destpriority":"1","destuniqueid":"1780404317.4","dialstring":"6002","event":"DialBegin","exten":"6002","language":"en","linkedid":"1780404317.3","priority":"1","privilege":"call,all","timestamp":"1780404317.200897","uniqueid":"1780404317.3"}

[2026-06-03 02:45:16.249] New message:
 {"accountcode":"","calleridname":"\u003cunknown\u003e","calleridnum":"6001","channel":"PJSIP/6001-00000003","channelstate":"4","channelstatedesc":"Ring","connectedlinename":"\u003cunknown\u003e","connectedlinenum":"6002","context":"default","event":"NewConnectedLine","exten":"6002","language":"en","linkedid":"1780404317.3","priority":"1","privilege":"call,all","timestamp":"1780404317.200949","uniqueid":"1780404317.3"}

[2026-06-03 02:45:16.430] New message:
 {"accountcode":"","calleridname":"\u003cunknown\u003e","calleridnum":"6002","channel":"PJSIP/6002-00000004","channelstate":"5","channelstatedesc":"Ringing","connectedlinename":"\u003cunknown\u003e","connectedlinenum":"6001","context":"default","event":"Newstate","exten":"6002","language":"en","linkedid":"1780404317.3","priority":"1","privilege":"call,all","timestamp":"1780404317.382563","uniqueid":"1780404317.4"}

[2026-06-03 02:45:16.430] New message:
 {"device":"PJSIP/6002","event":"DeviceStateChange","privilege":"call,all","state":"RINGING","timestamp":"1780404317.382821"}

[2026-06-03 02:45:16.430] New message:
 {"device":"PJSIP/6001","event":"DeviceStateChange","privilege":"call,all","state":"INUSE","timestamp":"1780404317.383657"}

[2026-06-03 02:45:16.430] New message:
 {"accountcode":"","calleridname":"\u003cunknown\u003e","calleridnum":"6001","channel":"PJSIP/6001-00000003","channelstate":"4","channelstatedesc":"Ring","connectedlinename":"\u003cunknown\u003e","connectedlinenum":"6002","context":"default","event":"VarSet","exten":"6002","language":"en","linkedid":"1780404317.3","priority":"1","privilege":"dialplan,all","timestamp":"1780404317.383861","uniqueid":"1780404317.3","value":"0","variable":"RINGTIME"}

[2026-06-03 02:45:16.432] New message:
 {"accountcode":"","calleridname":"\u003cunknown\u003e","calleridnum":"6001","channel":"PJSIP/6001-00000003","channelstate":"4","channelstatedesc":"Ring","connectedlinename":"\u003cunknown\u003e","connectedlinenum":"6002","context":"default","event":"VarSet","exten":"6002","language":"en","linkedid":"1780404317.3","priority":"1","privilege":"dialplan,all","timestamp":"1780404317.383873","uniqueid":"1780404317.3","value":"189","variable":"RINGTIME_MS"}

[2026-06-03 02:45:16.432] New message:
 {"accountcode":"","calleridname":"\u003cunknown\u003e","calleridnum":"6001","channel":"PJSIP/6001-00000003","channelstate":"4","channelstatedesc":"Ring","connectedlinename":"\u003cunknown\u003e","connectedlinenum":"6002","context":"default","destaccountcode":"","destcalleridname":"\u003cunknown\u003e","destcalleridnum":"6002","destchannel":"PJSIP/6002-00000004","destchannelstate":"5","destchannelstatedesc":"Ringing","destconnectedlinename":"\u003cunknown\u003e","destconnectedlinenum":"6001","destcontext":"default","destexten":"6002","destlanguage":"en","destlinkedid":"1780404317.3","destpriority":"1","destuniqueid":"1780404317.4","dialstatus":"RINGING","event":"DialState","exten":"6002","language":"en","linkedid":"1780404317.3","priority":"1","privilege":"call,all","timestamp":"1780404317.384587","uniqueid":"1780404317.3"}

[2026-06-03 02:45:22.873] New message:
 {"accountcode":"","calleridname":"\u003cunknown\u003e","calleridnum":"6002","channel":"PJSIP/6002-00000004","channelstate":"6","channelstatedesc":"Up","connectedlinename":"\u003cunknown\u003e","connectedlinenum":"6001","context":"default","event":"Newstate","exten":"6002","language":"en","linkedid":"1780404317.3","priority":"1","privilege":"call,all","timestamp":"1780404323.825919","uniqueid":"1780404317.4"}

[2026-06-03 02:45:22.878] New message:
 {"device":"PJSIP/6002","event":"DeviceStateChange","privilege":"call,all","state":"INUSE","timestamp":"1780404323.829281"}

[2026-06-03 02:45:22.878] New message:
 {"accountcode":"","calleridname":"\u003cunknown\u003e","calleridnum":"6001","channel":"PJSIP/6001-00000003","channelstate":"4","channelstatedesc":"Ring","connectedlinename":"\u003cunknown\u003e","connectedlinenum":"6002","context":"default","event":"VarSet","exten":"6002","language":"en","linkedid":"1780404317.3","priority":"1","privilege":"dialplan,all","timestamp":"1780404323.829447","uniqueid":"1780404317.3","value":"ANSWER","variable":"DIALSTATUS"}

[2026-06-03 02:45:22.878] New message:
 {"accountcode":"","calleridname":"\u003cunknown\u003e","calleridnum":"6001","channel":"PJSIP/6001-00000003","channelstate":"4","channelstatedesc":"Ring","connectedlinename":"\u003cunknown\u003e","connectedlinenum":"6002","context":"default","event":"VarSet","exten":"6002","language":"en","linkedid":"1780404317.3","priority":"1","privilege":"dialplan,all","timestamp":"1780404323.829467","uniqueid":"1780404317.3","value":"PJSIP/6002-00000004","variable":"DIALEDPEERNAME"}

[2026-06-03 02:45:22.878] New message:
 {"accountcode":"","calleridname":"\u003cunknown\u003e","calleridnum":"6001","channel":"PJSIP/6001-00000003","channelstate":"4","channelstatedesc":"Ring","connectedlinename":"\u003cunknown\u003e","connectedlinenum":"6002","context":"default","event":"VarSet","exten":"6002","language":"en","linkedid":"1780404317.3","priority":"1","privilege":"dialplan,all","timestamp":"1780404323.829480","uniqueid":"1780404317.3","value":"6002","variable":"DIALEDPEERNUMBER"}

[2026-06-03 02:45:22.878] New message:
 {"accountcode":"","calleridname":"\u003cunknown\u003e","calleridnum":"6001","channel":"PJSIP/6001-00000003","channelstate":"4","channelstatedesc":"Ring","connectedlinename":"\u003cunknown\u003e","connectedlinenum":"6002","context":"default","destaccountcode":"","destcalleridname":"\u003cunknown\u003e","destcalleridnum":"6002","destchannel":"PJSIP/6002-00000004","destchannelstate":"6","destchannelstatedesc":"Up","destconnectedlinename":"\u003cunknown\u003e","destconnectedlinenum":"6001","destcontext":"default","destexten":"","destlanguage":"en","destlinkedid":"1780404317.3","destpriority":"1","destuniqueid":"1780404317.4","dialstatus":"ANSWER","event":"DialEnd","exten":"6002","language":"en","linkedid":"1780404317.3","priority":"1","privilege":"call,all","timestamp":"1780404323.829496","uniqueid":"1780404317.3"}

[2026-06-03 02:45:22.888] New message:
 {"accountcode":"","calleridname":"\u003cunknown\u003e","calleridnum":"6001","channel":"PJSIP/6001-00000003","channelstate":"6","channelstatedesc":"Up","connectedlinename":"\u003cunknown\u003e","connectedlinenum":"6002","context":"default","event":"Newstate","exten":"6002","language":"en","linkedid":"1780404317.3","priority":"1","privilege":"call,all","timestamp":"1780404323.837696","uniqueid":"1780404317.3"}

[2026-06-03 02:45:22.926] New message:
 {"bridgecreator":"\u003cunknown\u003e","bridgename":"\u003cunknown\u003e","bridgenumchannels":"0","bridgetechnology":"simple_bridge","bridgetype":"basic","bridgeuniqueid":"2d5fd950-5d42-465c-b821-61dbde60532a","bridgevideosourcemode":"none","event":"BridgeCreate","privilege":"call,all","timestamp":"1780404323.878351"}

[2026-06-03 02:45:22.933] New message:
 {"accountcode":"","appdata":"(Outgoing Line)","application":"AppDial","calleridname":"\u003cunknown\u003e","calleridnum":"6002","channel":"PJSIP/6002-00000004","channelstate":"6","channelstatedesc":"Up","connectedlinename":"\u003cunknown\u003e","connectedlinenum":"6001","context":"default","event":"Newexten","exten":"","extension":"","language":"en","linkedid":"1780404317.3","priority":"1","privilege":"dialplan,all","timestamp":"1780404323.883241","uniqueid":"1780404317.4"}

[2026-06-03 02:45:22.933] New message:
 {"accountcode":"","bridgecreator":"\u003cunknown\u003e","bridgename":"\u003cunknown\u003e","bridgenumchannels":"1","bridgetechnology":"simple_bridge","bridgetype":"basic","bridgeuniqueid":"2d5fd950-5d42-465c-b821-61dbde60532a","bridgevideosourcemode":"none","calleridname":"\u003cunknown\u003e","calleridnum":"6002","channel":"PJSIP/6002-00000004","channelstate":"6","channelstatedesc":"Up","connectedlinename":"\u003cunknown\u003e","connectedlinenum":"6001","context":"default","event":"BridgeEnter","exten":"","language":"en","linkedid":"1780404317.3","priority":"1","privilege":"call,all","timestamp":"1780404323.883833","uniqueid":"1780404317.4"}

[2026-06-03 02:45:22.933] New message:
 {"accountcode":"","bridgecreator":"\u003cunknown\u003e","bridgename":"\u003cunknown\u003e","bridgenumchannels":"2","bridgetechnology":"simple_bridge","bridgetype":"basic","bridgeuniqueid":"2d5fd950-5d42-465c-b821-61dbde60532a","bridgevideosourcemode":"none","calleridname":"\u003cunknown\u003e","calleridnum":"6001","channel":"PJSIP/6001-00000003","channelstate":"6","channelstatedesc":"Up","connectedlinename":"\u003cunknown\u003e","connectedlinenum":"6002","context":"default","event":"BridgeEnter","exten":"6002","language":"en","linkedid":"1780404317.3","priority":"1","privilege":"call,all","timestamp":"1780404323.885875","uniqueid":"1780404317.3"}

[2026-06-03 02:45:22.938] New message:
 {"accountcode":"","calleridname":"\u003cunknown\u003e","calleridnum":"6001","channel":"PJSIP/6001-00000003","channelstate":"6","channelstatedesc":"Up","connectedlinename":"\u003cunknown\u003e","connectedlinenum":"6002","context":"default","event":"VarSet","exten":"6002","language":"en","linkedid":"1780404317.3","priority":"1","privilege":"dialplan,all","timestamp":"1780404323.887416","uniqueid":"1780404317.3","value":"PJSIP/6002-00000004","variable":"BRIDGEPEER"}

[2026-06-03 02:45:22.939] New message:
 {"accountcode":"","calleridname":"\u003cunknown\u003e","calleridnum":"6001","channel":"PJSIP/6001-00000003","channelstate":"6","channelstatedesc":"Up","connectedlinename":"\u003cunknown\u003e","connectedlinenum":"6002","context":"default","event":"VarSet","exten":"6002","language":"en","linkedid":"1780404317.3","priority":"1","privilege":"dialplan,all","timestamp":"1780404323.887651","uniqueid":"1780404317.3","value":"904f5f18-60c0-4543-b3ea-4ee4b6b9df1d","variable":"BRIDGEPVTCALLID"}

[2026-06-03 02:45:22.939] New message:
 {"accountcode":"","calleridname":"\u003cunknown\u003e","calleridnum":"6002","channel":"PJSIP/6002-00000004","channelstate":"6","channelstatedesc":"Up","connectedlinename":"\u003cunknown\u003e","connectedlinenum":"6001","context":"default","event":"VarSet","exten":"","language":"en","linkedid":"1780404317.3","priority":"1","privilege":"dialplan,all","timestamp":"1780404323.887821","uniqueid":"1780404317.4","value":"PJSIP/6001-00000003","variable":"BRIDGEPEER"}

[2026-06-03 02:45:22.939] New message:
 {"accountcode":"","calleridname":"\u003cunknown\u003e","calleridnum":"6002","channel":"PJSIP/6002-00000004","channelstate":"6","channelstatedesc":"Up","connectedlinename":"\u003cunknown\u003e","connectedlinenum":"6001","context":"default","event":"VarSet","exten":"","language":"en","linkedid":"1780404317.3","priority":"1","privilege":"dialplan,all","timestamp":"1780404323.887998","uniqueid":"1780404317.4","value":"-ZBZJQskL4VNWzregAclbQ..","variable":"BRIDGEPVTCALLID"}

[2026-06-03 02:45:22.939] New message:
 {"accountcode":"","calleridname":"\u003cunknown\u003e","calleridnum":"6001","channel":"PJSIP/6001-00000003","channelstate":"6","channelstatedesc":"Up","connectedlinename":"\u003cunknown\u003e","connectedlinenum":"6002","context":"default","event":"VarSet","exten":"6002","language":"en","linkedid":"1780404317.3","priority":"1","privilege":"dialplan,all","timestamp":"1780404323.888358","uniqueid":"1780404317.3","value":"PJSIP/6002-00000004","variable":"BRIDGEPEER"}

[2026-06-03 02:45:22.939] New message:
 {"accountcode":"","calleridname":"\u003cunknown\u003e","calleridnum":"6001","channel":"PJSIP/6001-00000003","channelstate":"6","channelstatedesc":"Up","connectedlinename":"\u003cunknown\u003e","connectedlinenum":"6002","context":"default","event":"VarSet","exten":"6002","language":"en","linkedid":"1780404317.3","priority":"1","privilege":"dialplan,all","timestamp":"1780404323.888463","uniqueid":"1780404317.3","value":"904f5f18-60c0-4543-b3ea-4ee4b6b9df1d","variable":"BRIDGEPVTCALLID"}

[2026-06-03 02:45:22.939] New message:
 {"accountcode":"","calleridname":"\u003cunknown\u003e","calleridnum":"6002","channel":"PJSIP/6002-00000004","channelstate":"6","channelstatedesc":"Up","connectedlinename":"\u003cunknown\u003e","connectedlinenum":"6001","context":"default","event":"VarSet","exten":"","language":"en","linkedid":"1780404317.3","priority":"1","privilege":"dialplan,all","timestamp":"1780404323.888565","uniqueid":"1780404317.4","value":"PJSIP/6001-00000003","variable":"BRIDGEPEER"}

[2026-06-03 02:45:22.939] New message:
 {"accountcode":"","calleridname":"\u003cunknown\u003e","calleridnum":"6002","channel":"PJSIP/6002-00000004","channelstate":"6","channelstatedesc":"Up","connectedlinename":"\u003cunknown\u003e","connectedlinenum":"6001","context":"default","event":"VarSet","exten":"","language":"en","linkedid":"1780404317.3","priority":"1","privilege":"dialplan,all","timestamp":"1780404323.888583","uniqueid":"1780404317.4","value":"-ZBZJQskL4VNWzregAclbQ..","variable":"BRIDGEPVTCALLID"}

[2026-06-03 02:45:22.978] New message:
 {"accountcode":"","calleridname":"\u003cunknown\u003e","calleridnum":"6001","channel":"PJSIP/6001-00000003","channelstate":"6","channelstatedesc":"Up","connectedlinename":"\u003cunknown\u003e","connectedlinenum":"6002","context":"default","event":"VarSet","exten":"6002","language":"en","linkedid":"1780404317.3","priority":"1","privilege":"dialplan,all","timestamp":"1780404323.904530","uniqueid":"1780404317.3","value":"PJSIP/6002-00000004","variable":"BRIDGEPEER"}

[2026-06-03 02:45:22.978] New message:
 {"accountcode":"","calleridname":"\u003cunknown\u003e","calleridnum":"6001","channel":"PJSIP/6001-00000003","channelstate":"6","channelstatedesc":"Up","connectedlinename":"\u003cunknown\u003e","connectedlinenum":"6002","context":"default","event":"VarSet","exten":"6002","language":"en","linkedid":"1780404317.3","priority":"1","privilege":"dialplan,all","timestamp":"1780404323.929443","uniqueid":"1780404317.3","value":"904f5f18-60c0-4543-b3ea-4ee4b6b9df1d","variable":"BRIDGEPVTCALLID"}

[2026-06-03 02:45:22.978] New message:
 {"accountcode":"","calleridname":"\u003cunknown\u003e","calleridnum":"6002","channel":"PJSIP/6002-00000004","channelstate":"6","channelstatedesc":"Up","connectedlinename":"\u003cunknown\u003e","connectedlinenum":"6001","context":"default","event":"VarSet","exten":"","language":"en","linkedid":"1780404317.3","priority":"1","privilege":"dialplan,all","timestamp":"1780404323.929549","uniqueid":"1780404317.4","value":"PJSIP/6001-00000003","variable":"BRIDGEPEER"}

[2026-06-03 02:45:22.979] New message:
 {"accountcode":"","calleridname":"\u003cunknown\u003e","calleridnum":"6002","channel":"PJSIP/6002-00000004","channelstate":"6","channelstatedesc":"Up","connectedlinename":"\u003cunknown\u003e","connectedlinenum":"6001","context":"default","event":"VarSet","exten":"","language":"en","linkedid":"1780404317.3","priority":"1","privilege":"dialplan,all","timestamp":"1780404323.929606","uniqueid":"1780404317.4","value":"-ZBZJQskL4VNWzregAclbQ..","variable":"BRIDGEPVTCALLID"}

[2026-06-03 02:45:24.943] New message:
 {"accountcode":"","calleridname":"\u003cunknown\u003e","calleridnum":"6002","channel":"PJSIP/6002-00000004","channelstate":"6","channelstatedesc":"Up","connectedlinename":"\u003cunknown\u003e","connectedlinenum":"6001","context":"default","event":"RTCPReceived","exten":"","from":"192.168.144.128:57591","language":"en","linkedid":"1780404317.3","mes":"88.1","priority":"1","privilege":"reporting,all","pt":"201(RR)","report0cumulativelost":"0","report0dlsr":"0.0000","report0fractionlost":"0","report0highestsequence":"4618","report0iajitter":"0","report0lsr":"0","report0sequencenumbercycles":"0","report0sourcessrc":"0x6e243463","reportcount":"1","rtt":"0.0000","ssrc":"0x6e243463","timestamp":"1780404325.896157","to":"192.168.144.128:14047","uniqueid":"1780404317.4"}

[2026-06-03 02:45:26.148] New message:
 {"accountcode":"","calleridname":"\u003cunknown\u003e","calleridnum":"6001","channel":"PJSIP/6001-00000003","channelstate":"6","channelstatedesc":"Up","connectedlinename":"\u003cunknown\u003e","connectedlinenum":"6002","context":"default","event":"RTCPReceived","exten":"6002","from":"192.168.144.1:61139","language":"en","linkedid":"1780404317.3","mes":"88.1","priority":"1","privilege":"reporting,all","pt":"201(RR)","report0cumulativelost":"0","report0dlsr":"0.0000","report0fractionlost":"0","report0highestsequence":"34866","report0iajitter":"0","report0lsr":"0","report0sequencenumbercycles":"0","report0sourcessrc":"0xdd4f9c8e","reportcount":"1","rtt":"0.0000","ssrc":"0xdd4f9c8e","timestamp":"1780404327.100190","to":"192.168.144.128:11751","uniqueid":"1780404317.3"}

[2026-06-03 02:45:27.873] New message:
 {"accountcode":"","calleridname":"\u003cunknown\u003e","calleridnum":"6002","channel":"PJSIP/6002-00000004","channelstate":"6","channelstatedesc":"Up","connectedlinename":"\u003cunknown\u003e","connectedlinenum":"6001","context":"default","event":"RTCPSent","exten":"","from":"192.168.144.128:14047","language":"en","linkedid":"1780404317.3","mes":"88.1","priority":"1","privilege":"reporting,all","pt":"200(SR)","report0cumulativelost":"0","report0dlsr":"0.0000","report0fractionlost":"0","report0highestsequence":"34926","report0iajitter":"272","report0lsr":"0","report0sequencenumbercycles":"0","report0sourcessrc":"0xdd4f9c8e","reportcount":"1","sentntp":"1780404328.824840","sentoctets":"39040","sentpackets":"244","sentrtp":"0","ssrc":"0x6e243463","timestamp":"1780404328.825616","to":"192.168.144.128:57592","uniqueid":"1780404317.4"}

[2026-06-03 02:45:27.956] New message:
 {"accountcode":"","calleridname":"\u003cunknown\u003e","calleridnum":"6001","channel":"PJSIP/6001-00000003","channelstate":"6","channelstatedesc":"Up","connectedlinename":"\u003cunknown\u003e","connectedlinenum":"6002","context":"default","event":"RTCPSent","exten":"6002","from":"192.168.144.128:11751","language":"en","linkedid":"1780404317.3","mes":"88.1","priority":"1","privilege":"reporting,all","pt":"200(SR)","report0cumulativelost":"0","report0dlsr":"0.0000","report0fractionlost":"0","report0highestsequence":"4768","report0iajitter":"4","report0lsr":"0","report0sequencenumbercycles":"0","report0sourcessrc":"0x6e243463","reportcount":"1","sentntp":"1780404328.887189","sentoctets":"23840","sentpackets":"149","sentrtp":"0","ssrc":"0xdd4f9c8e","timestamp":"1780404328.887380","to":"192.168.144.1:61140","uniqueid":"1780404317.3"}

[2026-06-03 02:45:30.427] New message:
 {"accountcode":"","calleridname":"\u003cunknown\u003e","calleridnum":"6002","channel":"PJSIP/6002-00000004","channelstate":"6","channelstatedesc":"Up","connectedlinename":"\u003cunknown\u003e","connectedlinenum":"6001","context":"default","event":"RTCPReceived","exten":"","from":"192.168.144.128:57591","language":"en","linkedid":"1780404317.3","mes":"88.1","priority":"1","privilege":"reporting,all","pt":"201(RR)","report0cumulativelost":"0","report0dlsr":"0.0000","report0fractionlost":"0","report0highestsequence":"4892","report0iajitter":"0","report0lsr":"0","report0sequencenumbercycles":"0","report0sourcessrc":"0x6e243463","reportcount":"1","rtt":"0.0000","ssrc":"0x6e243463","timestamp":"1780404331.379750","to":"192.168.144.128:14047","uniqueid":"1780404317.4"}

[2026-06-03 02:45:30.455] New message:
 {"accountcode":"","calleridname":"\u003cunknown\u003e","calleridnum":"6001","channel":"PJSIP/6001-00000003","channelstate":"6","channelstatedesc":"Up","connectedlinename":"\u003cunknown\u003e","connectedlinenum":"6002","context":"default","event":"RTCPReceived","exten":"6002","from":"192.168.144.1:61139","language":"en","linkedid":"1780404317.3","mes":"88.1","priority":"1","privilege":"reporting,all","pt":"201(RR)","report0cumulativelost":"0","report0dlsr":"0.0000","report0fractionlost":"0","report0highestsequence":"35016","report0iajitter":"0","report0lsr":"0","report0sequencenumbercycles":"0","report0sourcessrc":"0xdd4f9c8e","reportcount":"1","rtt":"0.0000","ssrc":"0xdd4f9c8e","timestamp":"1780404331.407041","to":"192.168.144.128:11751","uniqueid":"1780404317.3"}

[2026-06-03 02:45:32.872] New message:
 {"accountcode":"","calleridname":"\u003cunknown\u003e","calleridnum":"6002","channel":"PJSIP/6002-00000004","channelstate":"6","channelstatedesc":"Up","connectedlinename":"\u003cunknown\u003e","connectedlinenum":"6001","context":"default","event":"RTCPSent","exten":"","from":"192.168.144.128:14047","language":"en","linkedid":"1780404317.3","mes":"88.1","priority":"1","privilege":"reporting,all","pt":"200(SR)","report0cumulativelost":"0","report0dlsr":"0.0000","report0fractionlost":"0","report0highestsequence":"35099","report0iajitter":"241","report0lsr":"0","report0sequencenumbercycles":"0","report0sourcessrc":"0xdd4f9c8e","reportcount":"1","sentntp":"1780404333.824701","sentoctets":"78880","sentpackets":"493","sentrtp":"0","ssrc":"0x6e243463","timestamp":"1780404333.824804","to":"192.168.144.128:57592","uniqueid":"1780404317.4"}

[2026-06-03 02:45:32.934] New message:
 {"accountcode":"","calleridname":"\u003cunknown\u003e","calleridnum":"6001","channel":"PJSIP/6001-00000003","channelstate":"6","channelstatedesc":"Up","connectedlinename":"\u003cunknown\u003e","connectedlinenum":"6002","context":"default","event":"RTCPSent","exten":"6002","from":"192.168.144.128:11751","language":"en","linkedid":"1780404317.3","mes":"88.1","priority":"1","privilege":"reporting,all","pt":"200(SR)","report0cumulativelost":"0","report0dlsr":"0.0000","report0fractionlost":"0","report0highestsequence":"5018","report0iajitter":"5","report0lsr":"0","report0sequencenumbercycles":"0","report0sourcessrc":"0x6e243463","reportcount":"1","sentntp":"1780404333.887152","sentoctets":"51360","sentpackets":"321","sentrtp":"0","ssrc":"0xdd4f9c8e","timestamp":"1780404333.887323","to":"192.168.144.1:61140","uniqueid":"1780404317.3"}

[2026-06-03 02:45:35.263] New message:
 {"accountcode":"","calleridname":"\u003cunknown\u003e","calleridnum":"6001","channel":"PJSIP/6001-00000003","channelstate":"6","channelstatedesc":"Up","connectedlinename":"\u003cunknown\u003e","connectedlinenum":"6002","context":"default","event":"RTCPReceived","exten":"6002","from":"192.168.144.1:61139","language":"en","linkedid":"1780404317.3","mes":"88.1","priority":"1","privilege":"reporting,all","pt":"201(RR)","report0cumulativelost":"0","report0dlsr":"0.0000","report0fractionlost":"0","report0highestsequence":"35184","report0iajitter":"0","report0lsr":"0","report0sequencenumbercycles":"0","report0sourcessrc":"0xdd4f9c8e","reportcount":"1","rtt":"0.0000","ssrc":"0xdd4f9c8e","timestamp":"1780404336.214922","to":"192.168.144.128:11751","uniqueid":"1780404317.3"}

[2026-06-03 02:45:36.566] New message:
 {"accountcode":"","calleridname":"\u003cunknown\u003e","calleridnum":"6002","channel":"PJSIP/6002-00000004","channelstate":"6","channelstatedesc":"Up","connectedlinename":"\u003cunknown\u003e","connectedlinenum":"6001","context":"default","event":"RTCPReceived","exten":"","from":"192.168.144.128:57591","language":"en","linkedid":"1780404317.3","mes":"88.1","priority":"1","privilege":"reporting,all","pt":"201(RR)","report0cumulativelost":"0","report0dlsr":"0.0000","report0fractionlost":"0","report0highestsequence":"5199","report0iajitter":"0","report0lsr":"0","report0sequencenumbercycles":"0","report0sourcessrc":"0x6e243463","reportcount":"1","rtt":"0.0000","ssrc":"0x6e243463","timestamp":"1780404337.518431","to":"192.168.144.128:14047","uniqueid":"1780404317.4"}

[2026-06-03 02:45:37.872] New message:
 {"accountcode":"","calleridname":"\u003cunknown\u003e","calleridnum":"6002","channel":"PJSIP/6002-00000004","channelstate":"6","channelstatedesc":"Up","connectedlinename":"\u003cunknown\u003e","connectedlinenum":"6001","context":"default","event":"RTCPSent","exten":"","from":"192.168.144.128:14047","language":"en","linkedid":"1780404317.3","mes":"88.1","priority":"1","privilege":"reporting,all","pt":"200(SR)","report0cumulativelost":"0","report0dlsr":"0.0000","report0fractionlost":"0","report0highestsequence":"35274","report0iajitter":"265","report0lsr":"0","report0sequencenumbercycles":"0","report0sourcessrc":"0xdd4f9c8e","reportcount":"1","sentntp":"1780404338.824667","sentoctets":"119040","sentpackets":"744","sentrtp":"0","ssrc":"0x6e243463","timestamp":"1780404338.824751","to":"192.168.144.128:57592","uniqueid":"1780404317.4"}

[2026-06-03 02:45:37.935] New message:
 {"accountcode":"","calleridname":"\u003cunknown\u003e","calleridnum":"6001","channel":"PJSIP/6001-00000003","channelstate":"6","channelstatedesc":"Up","connectedlinename":"\u003cunknown\u003e","connectedlinenum":"6002","context":"default","event":"RTCPSent","exten":"6002","from":"192.168.144.128:11751","language":"en","linkedid":"1780404317.3","mes":"88.1","priority":"1","privilege":"reporting,all","pt":"200(SR)","report0cumulativelost":"0","report0dlsr":"0.0000","report0fractionlost":"0","report0highestsequence":"5268","report0iajitter":"4","report0lsr":"0","report0sequencenumbercycles":"0","report0sourcessrc":"0x6e243463","reportcount":"1","sentntp":"1780404338.886963","sentoctets":"79040","sentpackets":"494","sentrtp":"0","ssrc":"0xdd4f9c8e","timestamp":"1780404338.887241","to":"192.168.144.1:61140","uniqueid":"1780404317.3"}

[2026-06-03 02:45:40.080] New message:
 {"accountcode":"","calleridname":"\u003cunknown\u003e","calleridnum":"6001","channel":"PJSIP/6001-00000003","channelstate":"6","channelstatedesc":"Up","connectedlinename":"\u003cunknown\u003e","connectedlinenum":"6002","context":"default","event":"RTCPReceived","exten":"6002","from":"192.168.144.1:61139","language":"en","linkedid":"1780404317.3","mes":"88.1","priority":"1","privilege":"reporting,all","pt":"201(RR)","report0cumulativelost":"0","report0dlsr":"0.0000","report0fractionlost":"0","report0highestsequence":"35351","report0iajitter":"0","report0lsr":"0","report0sequencenumbercycles":"0","report0sourcessrc":"0xdd4f9c8e","reportcount":"1","rtt":"0.0000","ssrc":"0xdd4f9c8e","timestamp":"1780404341.032981","to":"192.168.144.128:11751","uniqueid":"1780404317.3"}

[2026-06-03 02:45:41.327] New message:
 {"accountcode":"","calleridname":"\u003cunknown\u003e","calleridnum":"6002","channel":"PJSIP/6002-00000004","channelstate":"6","channelstatedesc":"Up","connectedlinename":"\u003cunknown\u003e","connectedlinenum":"6001","context":"default","event":"RTCPReceived","exten":"","from":"192.168.144.128:57591","language":"en","linkedid":"1780404317.3","mes":"88.1","priority":"1","privilege":"reporting,all","pt":"201(RR)","report0cumulativelost":"0","report0dlsr":"0.0000","report0fractionlost":"0","report0highestsequence":"5437","report0iajitter":"0","report0lsr":"0","report0sequencenumbercycles":"0","report0sourcessrc":"0x6e243463","reportcount":"1","rtt":"0.0000","ssrc":"0x6e243463","timestamp":"1780404342.279532","to":"192.168.144.128:14047","uniqueid":"1780404317.4"}

[2026-06-03 02:45:42.873] New message:
 {"accountcode":"","calleridname":"\u003cunknown\u003e","calleridnum":"6002","channel":"PJSIP/6002-00000004","channelstate":"6","channelstatedesc":"Up","connectedlinename":"\u003cunknown\u003e","connectedlinenum":"6001","context":"default","event":"RTCPSent","exten":"","from":"192.168.144.128:14047","language":"en","linkedid":"1780404317.3","mes":"88.1","priority":"1","privilege":"reporting,all","pt":"200(SR)","report0cumulativelost":"0","report0dlsr":"0.0000","report0fractionlost":"0","report0highestsequence":"35446","report0iajitter":"243","report0lsr":"0","report0sequencenumbercycles":"0","report0sourcessrc":"0xdd4f9c8e","reportcount":"1","sentntp":"1780404343.824708","sentoctets":"159040","sentpackets":"994","sentrtp":"0","ssrc":"0x6e243463","timestamp":"1780404343.824792","to":"192.168.144.128:57592","uniqueid":"1780404317.4"}

[2026-06-03 02:45:42.935] New message:
 {"accountcode":"","calleridname":"\u003cunknown\u003e","calleridnum":"6001","channel":"PJSIP/6001-00000003","channelstate":"6","channelstatedesc":"Up","connectedlinename":"\u003cunknown\u003e","connectedlinenum":"6002","context":"default","event":"RTCPSent","exten":"6002","from":"192.168.144.128:11751","language":"en","linkedid":"1780404317.3","mes":"88.1","priority":"1","privilege":"reporting,all","pt":"200(SR)","report0cumulativelost":"0","report0dlsr":"0.0000","report0fractionlost":"0","report0highestsequence":"5518","report0iajitter":"4","report0lsr":"0","report0sequencenumbercycles":"0","report0sourcessrc":"0x6e243463","reportcount":"1","sentntp":"1780404343.887368","sentoctets":"107040","sentpackets":"669","sentrtp":"0","ssrc":"0xdd4f9c8e","timestamp":"1780404343.887506","to":"192.168.144.1:61140","uniqueid":"1780404317.3"}

[2026-06-03 02:45:44.952] New message:
 {"accountcode":"","calleridname":"\u003cunknown\u003e","calleridnum":"6001","channel":"PJSIP/6001-00000003","channelstate":"6","channelstatedesc":"Up","connectedlinename":"\u003cunknown\u003e","connectedlinenum":"6002","context":"default","event":"RTCPReceived","exten":"6002","from":"192.168.144.1:61139","language":"en","linkedid":"1780404317.3","mes":"88.1","priority":"1","privilege":"reporting,all","pt":"201(RR)","reportcount":"0","rtt":"0.0000","ssrc":"0x81ca000a","timestamp":"1780404345.904392","to":"192.168.144.128:11751","uniqueid":"1780404317.3"}

[2026-06-03 02:45:45.065] New message:
 {"accountcode":"","calleridname":"\u003cunknown\u003e","calleridnum":"6001","channel":"PJSIP/6001-00000003","channelstate":"6","channelstatedesc":"Up","connectedlinename":"\u003cunknown\u003e","connectedlinenum":"6002","context":"default","event":"VarSet","exten":"6002","language":"en","linkedid":"1780404317.3","priority":"1","privilege":"dialplan,all","timestamp":"1780404346.018426","uniqueid":"1780404317.3","value":"ssrc=3712982158;themssrc=1847866467;lp=0;rxjitter=0.000000;rxcount=1098;txjitter=0.000375;txcount=744;rlp=0;rtt=0.000000;rxmes=88.087887;txmes=88.087887","variable":"RTPAUDIOQOS"}

[2026-06-03 02:45:45.066] New message:
 {"accountcode":"","calleridname":"\u003cunknown\u003e","calleridnum":"6002","channel":"PJSIP/6002-00000004","channelstate":"6","channelstatedesc":"Up","connectedlinename":"\u003cunknown\u003e","connectedlinenum":"6001","context":"default","event":"VarSet","exten":"","language":"en","linkedid":"1780404317.3","priority":"1","privilege":"dialplan,all","timestamp":"1780404346.018695","uniqueid":"1780404317.4","value":"ssrc=3712982158;themssrc=1847866467;lp=0;rxjitter=0.000000;rxcount=1098;txjitter=0.000375;txcount=744;rlp=0;rtt=0.000000;rxmes=88.087887;txmes=88.087887","variable":"RTPAUDIOQOSBRIDGED"}

[2026-06-03 02:45:45.066] New message:
 {"accountcode":"","calleridname":"\u003cunknown\u003e","calleridnum":"6001","channel":"PJSIP/6001-00000003","channelstate":"6","channelstatedesc":"Up","connectedlinename":"\u003cunknown\u003e","connectedlinenum":"6002","context":"default","event":"VarSet","exten":"6002","language":"en","linkedid":"1780404317.3","priority":"1","privilege":"dialplan,all","timestamp":"1780404346.018888","uniqueid":"1780404317.3","value":"minrxjitter=000.000000;maxrxjitter=000.007500;avgrxjitter=000.000703;stdevrxjitter=000.000807;mintxjitter=000.000000;maxtxjitter=000.000000;avgtxjitter=000.000000;stdevtxjitter=000.000000;","variable":"RTPAUDIOQOSJITTER"}

[2026-06-03 02:45:45.067] New message:
 {"accountcode":"","calleridname":"\u003cunknown\u003e","calleridnum":"6002","channel":"PJSIP/6002-00000004","channelstate":"6","channelstatedesc":"Up","connectedlinename":"\u003cunknown\u003e","connectedlinenum":"6001","context":"default","event":"VarSet","exten":"","language":"en","linkedid":"1780404317.3","priority":"1","privilege":"dialplan,all","timestamp":"1780404346.019383","uniqueid":"1780404317.4","value":"minrxjitter=000.000000;maxrxjitter=000.007500;avgrxjitter=000.000703;stdevrxjitter=000.000807;mintxjitter=000.000000;maxtxjitter=000.000000;avgtxjitter=000.000000;stdevtxjitter=000.000000;","variable":"RTPAUDIOQOSJITTERBRIDGED"}

[2026-06-03 02:45:45.067] New message:
 {"accountcode":"","calleridname":"\u003cunknown\u003e","calleridnum":"6001","channel":"PJSIP/6001-00000003","channelstate":"6","channelstatedesc":"Up","connectedlinename":"\u003cunknown\u003e","connectedlinenum":"6002","context":"default","event":"VarSet","exten":"6002","language":"en","linkedid":"1780404317.3","priority":"1","privilege":"dialplan,all","timestamp":"1780404346.020028","uniqueid":"1780404317.3","value":"minrxlost=000.000000;  maxrxlost=000.000000;  avgrxlost=000.000000;  stdevrxlost=000.000000;  mintxlost=000.000000;  maxtxlost=000.000000;  avgtxlost=000.000000;  stdevtxlost=000.000000;","variable":"RTPAUDIOQOSLOSS"}

[2026-06-03 02:45:45.068] New message:
 {"accountcode":"","calleridname":"\u003cunknown\u003e","calleridnum":"6002","channel":"PJSIP/6002-00000004","channelstate":"6","channelstatedesc":"Up","connectedlinename":"\u003cunknown\u003e","connectedlinenum":"6001","context":"default","event":"VarSet","exten":"","language":"en","linkedid":"1780404317.3","priority":"1","privilege":"dialplan,all","timestamp":"1780404346.020076","uniqueid":"1780404317.4","value":"minrxlost=000.000000;  maxrxlost=000.000000;  avgrxlost=000.000000;  stdevrxlost=000.000000;  mintxlost=000.000000;  maxtxlost=000.000000;  avgtxlost=000.000000;  stdevtxlost=000.000000;","variable":"RTPAUDIOQOSLOSSBRIDGED"}

[2026-06-03 02:45:45.068] New message:
 {"accountcode":"","calleridname":"\u003cunknown\u003e","calleridnum":"6001","channel":"PJSIP/6001-00000003","channelstate":"6","channelstatedesc":"Up","connectedlinename":"\u003cunknown\u003e","connectedlinenum":"6002","context":"default","event":"VarSet","exten":"6002","language":"en","linkedid":"1780404317.3","priority":"1","privilege":"dialplan,all","timestamp":"1780404346.020174","uniqueid":"1780404317.3","value":"minrtt=000.000000;     maxrtt=000.000000;     avgrtt=000.000000;     stdevrtt=000.000000;","variable":"RTPAUDIOQOSRTT"}

[2026-06-03 02:45:45.068] New message:
 {"accountcode":"","calleridname":"\u003cunknown\u003e","calleridnum":"6002","channel":"PJSIP/6002-00000004","channelstate":"6","channelstatedesc":"Up","connectedlinename":"\u003cunknown\u003e","connectedlinenum":"6001","context":"default","event":"VarSet","exten":"","language":"en","linkedid":"1780404317.3","priority":"1","privilege":"dialplan,all","timestamp":"1780404346.020414","uniqueid":"1780404317.4","value":"minrtt=000.000000;     maxrtt=000.000000;     avgrtt=000.000000;     stdevrtt=000.000000;","variable":"RTPAUDIOQOSRTTBRIDGED"}

[2026-06-03 02:45:45.068] New message:
 {"accountcode":"","calleridname":"\u003cunknown\u003e","calleridnum":"6001","channel":"PJSIP/6001-00000003","channelstate":"6","channelstatedesc":"Up","connectedlinename":"\u003cunknown\u003e","connectedlinenum":"6002","context":"default","event":"VarSet","exten":"6002","language":"en","linkedid":"1780404317.3","priority":"1","privilege":"dialplan,all","timestamp":"1780404346.020525","uniqueid":"1780404317.3","value":"minrxmes=088.087887;   maxrxmes=088.087887;   avgrxmes=088.087887;   stdevrxmes=000.000807;   mintxmes=088.087887;   maxtxmes=088.087887;   avgtxmes=088.087887;   stdevtxmes=000.000000;","variable":"RTPAUDIOQOSMES"}

[2026-06-03 02:45:45.068] New message:
 {"accountcode":"","calleridname":"\u003cunknown\u003e","calleridnum":"6002","channel":"PJSIP/6002-00000004","channelstate":"6","channelstatedesc":"Up","connectedlinename":"\u003cunknown\u003e","connectedlinenum":"6001","context":"default","event":"VarSet","exten":"","language":"en","linkedid":"1780404317.3","priority":"1","privilege":"dialplan,all","timestamp":"1780404346.020611","uniqueid":"1780404317.4","value":"minrxmes=088.087887;   maxrxmes=088.087887;   avgrxmes=088.087887;   stdevrxmes=000.000807;   mintxmes=088.087887;   maxtxmes=088.087887;   avgtxmes=088.087887;   stdevtxmes=000.000000;","variable":"RTPAUDIOQOSMESBRIDGED"}

[2026-06-03 02:45:45.068] New message:
 {"accountcode":"","calleridname":"\u003cunknown\u003e","calleridnum":"6001","cause":"16","channel":"PJSIP/6001-00000003","channelstate":"6","channelstatedesc":"Up","connectedlinename":"\u003cunknown\u003e","connectedlinenum":"6002","context":"default","event":"HangupRequest","exten":"6002","language":"en","linkedid":"1780404317.3","priority":"1","privilege":"call,all","timestamp":"1780404346.020628","uniqueid":"1780404317.3"}

[2026-06-03 02:45:45.068] New message:
 {"accountcode":"","calleridname":"\u003cunknown\u003e","calleridnum":"6001","channel":"PJSIP/6001-00000003","channelstate":"6","channelstatedesc":"Up","connectedlinename":"\u003cunknown\u003e","connectedlinenum":"6002","context":"default","event":"VarSet","exten":"6002","language":"en","linkedid":"1780404317.3","priority":"1","privilege":"dialplan,all","timestamp":"1780404346.020638","uniqueid":"1780404317.3","value":"","variable":"BRIDGEPEER"}

[2026-06-03 02:45:45.068] New message:
 {"accountcode":"","calleridname":"\u003cunknown\u003e","calleridnum":"6001","channel":"PJSIP/6001-00000003","channelstate":"6","channelstatedesc":"Up","connectedlinename":"\u003cunknown\u003e","connectedlinenum":"6002","context":"default","event":"VarSet","exten":"6002","language":"en","linkedid":"1780404317.3","priority":"1","privilege":"dialplan,all","timestamp":"1780404346.020647","uniqueid":"1780404317.3","value":"","variable":"BRIDGEPVTCALLID"}

[2026-06-03 02:45:45.069] New message:
 {"accountcode":"","calleridname":"\u003cunknown\u003e","calleridnum":"6002","channel":"PJSIP/6002-00000004","channelstate":"6","channelstatedesc":"Up","connectedlinename":"\u003cunknown\u003e","connectedlinenum":"6001","context":"default","event":"VarSet","exten":"","language":"en","linkedid":"1780404317.3","priority":"1","privilege":"dialplan,all","timestamp":"1780404346.020657","uniqueid":"1780404317.4","value":"","variable":"BRIDGEPEER"}

[2026-06-03 02:45:45.069] New message:
 {"accountcode":"","calleridname":"\u003cunknown\u003e","calleridnum":"6002","channel":"PJSIP/6002-00000004","channelstate":"6","channelstatedesc":"Up","connectedlinename":"\u003cunknown\u003e","connectedlinenum":"6001","context":"default","event":"VarSet","exten":"","language":"en","linkedid":"1780404317.3","priority":"1","privilege":"dialplan,all","timestamp":"1780404346.020678","uniqueid":"1780404317.4","value":"","variable":"BRIDGEPVTCALLID"}

[2026-06-03 02:45:45.069] New message:
 {"accountcode":"","bridgecreator":"\u003cunknown\u003e","bridgename":"\u003cunknown\u003e","bridgenumchannels":"1","bridgetechnology":"native_rtp","bridgetype":"basic","bridgeuniqueid":"2d5fd950-5d42-465c-b821-61dbde60532a","bridgevideosourcemode":"none","calleridname":"\u003cunknown\u003e","calleridnum":"6001","channel":"PJSIP/6001-00000003","channelstate":"6","channelstatedesc":"Up","connectedlinename":"\u003cunknown\u003e","connectedlinenum":"6002","context":"default","event":"BridgeLeave","exten":"6002","language":"en","linkedid":"1780404317.3","priority":"1","privilege":"call,all","timestamp":"1780404346.020694","uniqueid":"1780404317.3"}

[2026-06-03 02:45:45.069] New message:
 {"accountcode":"","calleridname":"\u003cunknown\u003e","calleridnum":"6001","channel":"PJSIP/6001-00000003","channelstate":"6","channelstatedesc":"Up","connectedlinename":"\u003cunknown\u003e","connectedlinenum":"6002","context":"default","event":"VarSet","exten":"6002","language":"en","linkedid":"1780404317.3","priority":"1","privilege":"dialplan,all","timestamp":"1780404346.020703","uniqueid":"1780404317.3","value":"22","variable":"ANSWEREDTIME"}

[2026-06-03 02:45:45.069] New message:
 {"accountcode":"","calleridname":"\u003cunknown\u003e","calleridnum":"6001","channel":"PJSIP/6001-00000003","channelstate":"6","channelstatedesc":"Up","connectedlinename":"\u003cunknown\u003e","connectedlinenum":"6002","context":"default","event":"VarSet","exten":"6002","language":"en","linkedid":"1780404317.3","priority":"1","privilege":"dialplan,all","timestamp":"1780404346.020712","uniqueid":"1780404317.3","value":"22182","variable":"ANSWEREDTIME_MS"}

[2026-06-03 02:45:45.069] New message:
 {"accountcode":"","calleridname":"\u003cunknown\u003e","calleridnum":"6001","channel":"PJSIP/6001-00000003","channelstate":"6","channelstatedesc":"Up","connectedlinename":"\u003cunknown\u003e","connectedlinenum":"6002","context":"default","event":"VarSet","exten":"6002","language":"en","linkedid":"1780404317.3","priority":"1","privilege":"dialplan,all","timestamp":"1780404346.020720","uniqueid":"1780404317.3","value":"28","variable":"DIALEDTIME"}

[2026-06-03 02:45:45.069] New message:
 {"accountcode":"","calleridname":"\u003cunknown\u003e","calleridnum":"6001","channel":"PJSIP/6001-00000003","channelstate":"6","channelstatedesc":"Up","connectedlinename":"\u003cunknown\u003e","connectedlinenum":"6002","context":"default","event":"VarSet","exten":"6002","language":"en","linkedid":"1780404317.3","priority":"1","privilege":"dialplan,all","timestamp":"1780404346.020729","uniqueid":"1780404317.3","value":"28850","variable":"DIALEDTIME_MS"}

[2026-06-03 02:45:45.069] New message:
 {"accountcode":"","calleridname":"\u003cunknown\u003e","calleridnum":"6001","channel":"PJSIP/6001-00000003","channelstate":"6","channelstatedesc":"Up","connectedlinename":"\u003cunknown\u003e","connectedlinenum":"6002","context":"default","event":"VarSet","exten":"6002","language":"en","linkedid":"1780404317.3","priority":"1","privilege":"dialplan,all","timestamp":"1780404346.020738","uniqueid":"1780404317.3","value":"ANSWER","variable":"DIALSTATUS"}

[2026-06-03 02:45:45.069] New message:
 {"accountcode":"","calleridname":"\u003cunknown\u003e","calleridnum":"6001","cause":"16","channel":"PJSIP/6001-00000003","channelstate":"6","channelstatedesc":"Up","connectedlinename":"\u003cunknown\u003e","connectedlinenum":"6002","context":"default","event":"SoftHangupRequest","exten":"6002","language":"en","linkedid":"1780404317.3","priority":"1","privilege":"call,all","timestamp":"1780404346.020746","uniqueid":"1780404317.3"}

[2026-06-03 02:45:45.069] New message:
 {"accountcode":"","bridgecreator":"\u003cunknown\u003e","bridgename":"\u003cunknown\u003e","bridgenumchannels":"0","bridgetechnology":"native_rtp","bridgetype":"basic","bridgeuniqueid":"2d5fd950-5d42-465c-b821-61dbde60532a","bridgevideosourcemode":"none","calleridname":"\u003cunknown\u003e","calleridnum":"6002","channel":"PJSIP/6002-00000004","channelstate":"6","channelstatedesc":"Up","connectedlinename":"\u003cunknown\u003e","connectedlinenum":"6001","context":"default","event":"BridgeLeave","exten":"","language":"en","linkedid":"1780404317.3","priority":"1","privilege":"call,all","timestamp":"1780404346.022246","uniqueid":"1780404317.4"}

[2026-06-03 02:45:45.069] New message:
 {"accountcode":"","calleridname":"\u003cunknown\u003e","calleridnum":"6002","channel":"PJSIP/6002-00000004","channelstate":"6","channelstatedesc":"Up","connectedlinename":"\u003cunknown\u003e","connectedlinenum":"6001","context":"default","event":"VarSet","exten":"","language":"en","linkedid":"1780404317.3","priority":"1","privilege":"dialplan,all","timestamp":"1780404346.022281","uniqueid":"1780404317.4","value":"ssrc=911321673;themssrc=3712982158;lp=0;rxjitter=0.000000;rxcount=745;txjitter=0.032750;txcount=1097;rlp=0;rtt=0.000000;rxmes=88.087887;txmes=88.087887","variable":"RTPAUDIOQOS"}

[2026-06-03 02:45:45.069] New message:
 {"accountcode":"","calleridname":"\u003cunknown\u003e","calleridnum":"6002","channel":"PJSIP/6002-00000004","channelstate":"6","channelstatedesc":"Up","connectedlinename":"\u003cunknown\u003e","connectedlinenum":"6001","context":"default","event":"VarSet","exten":"","language":"en","linkedid":"1780404317.3","priority":"1","privilege":"dialplan,all","timestamp":"1780404346.022293","uniqueid":"1780404317.4","value":"minrxjitter=000.004125;maxrxjitter=000.036375;avgrxjitter=000.031495;stdevrxjitter=000.003615;mintxjitter=000.000000;maxtxjitter=000.000000;avgtxjitter=000.000000;stdevtxjitter=000.000000;","variable":"RTPAUDIOQOSJITTER"}

[2026-06-03 02:45:45.069] New message:
 {"accountcode":"","calleridname":"\u003cunknown\u003e","calleridnum":"6002","channel":"PJSIP/6002-00000004","channelstate":"6","channelstatedesc":"Up","connectedlinename":"\u003cunknown\u003e","connectedlinenum":"6001","context":"default","event":"VarSet","exten":"","language":"en","linkedid":"1780404317.3","priority":"1","privilege":"dialplan,all","timestamp":"1780404346.022308","uniqueid":"1780404317.4","value":"minrxlost=000.000000;  maxrxlost=000.000000;  avgrxlost=000.000000;  stdevrxlost=000.000000;  mintxlost=000.000000;  maxtxlost=000.000000;  avgtxlost=000.000000;  stdevtxlost=000.000000;","variable":"RTPAUDIOQOSLOSS"}

[2026-06-03 02:45:45.069] New message:
 {"accountcode":"","calleridname":"\u003cunknown\u003e","calleridnum":"6002","channel":"PJSIP/6002-00000004","channelstate":"6","channelstatedesc":"Up","connectedlinename":"\u003cunknown\u003e","connectedlinenum":"6001","context":"default","event":"VarSet","exten":"","language":"en","linkedid":"1780404317.3","priority":"1","privilege":"dialplan,all","timestamp":"1780404346.022317","uniqueid":"1780404317.4","value":"minrtt=000.000000;     maxrtt=000.000000;     avgrtt=000.000000;     stdevrtt=000.000000;","variable":"RTPAUDIOQOSRTT"}

[2026-06-03 02:45:45.069] New message:
 {"accountcode":"","calleridname":"\u003cunknown\u003e","calleridnum":"6002","channel":"PJSIP/6002-00000004","channelstate":"6","channelstatedesc":"Up","connectedlinename":"\u003cunknown\u003e","connectedlinenum":"6001","context":"default","event":"VarSet","exten":"","language":"en","linkedid":"1780404317.3","priority":"1","privilege":"dialplan,all","timestamp":"1780404346.022326","uniqueid":"1780404317.4","value":"minrxmes=088.087886;   maxrxmes=088.087887;   avgrxmes=088.087886;   stdevrxmes=000.003615;   mintxmes=088.087887;   maxtxmes=088.087887;   avgtxmes=088.087887;   stdevtxmes=000.000000;","variable":"RTPAUDIOQOSMES"}

[2026-06-03 02:45:45.082] New message:
 {"accountcode":"","calleridname":"\u003cunknown\u003e","calleridnum":"6002","cause":"16","cause-txt":"Normal Clearing","channel":"PJSIP/6002-00000004","channelstate":"6","channelstatedesc":"Up","connectedlinename":"\u003cunknown\u003e","connectedlinenum":"6001","context":"default","event":"Hangup","exten":"","language":"en","linkedid":"1780404317.3","priority":"1","privilege":"call,all","timestamp":"1780404346.022336","uniqueid":"1780404317.4"}

[2026-06-03 02:45:45.088] New message:
 {"device":"PJSIP/6002","event":"DeviceStateChange","privilege":"call,all","state":"NOT_INUSE","timestamp":"1780404346.040793"}

[2026-06-03 02:45:45.098] New message:
 {"bridgecreator":"\u003cunknown\u003e","bridgename":"\u003cunknown\u003e","bridgenumchannels":"0","bridgetechnology":"native_rtp","bridgetype":"basic","bridgeuniqueid":"2d5fd950-5d42-465c-b821-61dbde60532a","bridgevideosourcemode":"none","event":"BridgeDestroy","privilege":"call,all","timestamp":"1780404346.051320"}

[2026-06-03 02:45:45.112] New message:
 {"accountcode":"","amaflags":"DOCUMENTATION","answertime":"2026-06-02 14:45:23","billableseconds":"22","callerid":"\"\" \u003c6001\u003e","channel":"PJSIP/6001-00000003","destination":"6002","destinationchannel":"PJSIP/6002-00000004","destinationcontext":"default","disposition":"ANSWERED","duration":"28","endtime":"2026-06-02 14:45:46","event":"Cdr","lastapplication":"Dial","lastdata":"PJSIP/6002,20","privilege":"cdr,all","source":"6001","starttime":"2026-06-02 14:45:17","timestamp":"1780404346.064734","uniqueid":"1780404317.3","userfield":""}

[2026-06-03 02:45:45.112] New message:
 {"accountcode":"","calleridname":"\u003cunknown\u003e","calleridnum":"6001","cause":"16","cause-txt":"Normal Clearing","channel":"PJSIP/6001-00000003","channelstate":"6","channelstatedesc":"Up","connectedlinename":"\u003cunknown\u003e","connectedlinenum":"6002","context":"default","event":"Hangup","exten":"6002","language":"en","linkedid":"1780404317.3","priority":"1","privilege":"call,all","timestamp":"1780404346.065273","uniqueid":"1780404317.3"}

[2026-06-03 02:45:45.113] New message:
 {"device":"PJSIP/6001","event":"DeviceStateChange","privilege":"call,all","state":"NOT_INUSE","timestamp":"1780404346.065666"}
================================================================================
[2026-06-03-02:59:02]Start client AMI
================================================================================
Successfully connected to Asterisk AMI

[2026-06-03 02:59:02.951] New message:
 {"event":"FullyBooted","lastreload":"1300","privilege":"system,all","status":"Fully Booted","uptime":"86219"}
  event: FullyBooted
  lastreload: 1300
  privilege: system,all
  status: Fully Booted
  uptime: 86219
